<?xml version="1.0" encoding="UTF-8"?>
<robot generator="Robot 3.0.4 (Python 3.6.5 on win32)" generated="20200709 15:42:31.101">
<suite id="s1" name="Tc" source="C:\Users\lh\Desktop\G-自动化项目实战\project\project_Test\tc">
<suite id="s1-s1" name="D-空白数据" source="C:\Users\lh\Desktop\G-自动化项目实战\project\project_Test\tc\d-空白数据">
<kw name="Deleteall Class" library="pylib.schoolClass" type="setup">
<status status="PASS" starttime="20200709 15:42:31.236" endtime="20200709 15:42:31.310"></status>
</kw>
<suite id="s1-s1-s1" name="D-7年级1班" source="C:\Users\lh\Desktop\G-自动化项目实战\project\project_Test\tc\d-空白数据\d-7年级1班">
<kw name="Insert Class" library="pylib.schoolClass" type="setup">
<arguments>
<arg>1</arg>
<arg>1班</arg>
<arg>60</arg>
<arg>suite_g7_classid</arg>
</arguments>
<msg timestamp="20200709 15:42:31.411" level="INFO">${suite_g7_classid} = 431933</msg>
<status status="PASS" starttime="20200709 15:42:31.316" endtime="20200709 15:42:31.412"></status>
</kw>
<suite id="s1-s1-s1-s1" name="班级管理" source="C:\Users\lh\Desktop\G-自动化项目实战\project\project_Test\tc\d-空白数据\d-7年级1班\班级管理.robot">
<test id="s1-s1-s1-s1-t1" name="添加班级1-tc000002">
<kw name="Insert Class" library="pylib.schoolClass">
<arguments>
<arg>1</arg>
<arg>2班</arg>
<arg>60</arg>
</arguments>
<assign>
<var>${addRet}</var>
</assign>
<msg timestamp="20200709 15:42:31.513" level="INFO">${addRet} = {'invitecode': '4319348706101', 'retcode': 0, 'id': 431934}</msg>
<status status="PASS" starttime="20200709 15:42:31.418" endtime="20200709 15:42:31.513"></status>
</kw>
<kw name="Should Be True" library="BuiltIn">
<doc>Fails if the given condition is not true.</doc>
<arguments>
<arg>$addRet['retcode']==0</arg>
</arguments>
<status status="PASS" starttime="20200709 15:42:31.513" endtime="20200709 15:42:31.519"></status>
</kw>
<kw name="List Class" library="pylib.schoolClass">
<arguments>
<arg>1</arg>
</arguments>
<assign>
<var>${listRet}</var>
</assign>
<msg timestamp="20200709 15:42:31.610" level="INFO">${listRet} = {'gradeid': 1, 'retlist': [{'name': '1班', 'grade__name': '七年级', 'invitecode': '4319338533697', 'studentlimit': 60, 'studentnumber': 0, 'id': 431933, 'teacherlist': []}, {'name': '2班', 'grade__name': '...</msg>
<status status="PASS" starttime="20200709 15:42:31.519" endtime="20200709 15:42:31.610"></status>
</kw>
<kw name="Evaluate" library="BuiltIn">
<doc>Evaluates the given expression in Python and returns the results.</doc>
<arguments>
<arg>$listRet["retlist"]</arg>
</arguments>
<assign>
<var>${fc}</var>
</assign>
<msg timestamp="20200709 15:42:31.611" level="INFO">${fc} = [{'name': '1班', 'grade__name': '七年级', 'invitecode': '4319338533697', 'studentlimit': 60, 'studentnumber': 0, 'id': 431933, 'teacherlist': []}, {'name': '2班', 'grade__name': '七年级', 'invitecode': '43193...</msg>
<status status="PASS" starttime="20200709 15:42:31.610" endtime="20200709 15:42:31.611"></status>
</kw>
<kw name="Should Be True" library="BuiltIn">
<doc>Fails if the given condition is not true.</doc>
<arguments>
<arg>{"grade__name":"七年级","id": $addRet["id"],"invitecode":$addRet["invitecode"],"name": "2班","studentlimit":60,"studentnumber":0,"teacherlist":[]} in $fc</arg>
</arguments>
<status status="PASS" starttime="20200709 15:42:31.611" endtime="20200709 15:42:31.612"></status>
</kw>
<kw name="List Should Contain" library="pylib.schoolClass">
<arguments>
<arg>${fc}</arg>
<arg>七年级</arg>
<arg>&amp;{addRet}[id]</arg>
<arg>&amp;{addRet}[invitecode]</arg>
<arg>2班</arg>
<arg>60</arg>
</arguments>
<msg timestamp="20200709 15:42:31.613" level="INFO">{'grade__name': '七年级',
 'id': 431934,
 'invitecode': '4319348706101',
 'name': '2班',
 'studentlimit': 60,
 'studentnumber': 0,
 'teacherlist': []}

*****************************************************

[{'grade__name': '七年级',
  'id': 431933,
  'invitecode': '4319338533697',
  'name': '1班',
  'studentlimit': 60,
  'studentnumber': 0,
  'teacherlist': []},
 {'grade__name': '七年级',
  'id': 431934,
  'invitecode': '4319348706101',
  'name': '2班',
  'studentlimit': 60,
  'studentnumber': 0,
  'teacherlist': []}]</msg>
<status status="PASS" starttime="20200709 15:42:31.612" endtime="20200709 15:42:31.613"></status>
</kw>
<kw name="Delete Class" library="pylib.schoolClass" type="teardown">
<arguments>
<arg>&amp;{addRet}[id]</arg>
</arguments>
<status status="PASS" starttime="20200709 15:42:31.613" endtime="20200709 15:42:31.715"></status>
</kw>
<status status="PASS" starttime="20200709 15:42:31.418" endtime="20200709 15:42:31.715" critical="yes"></status>
</test>
<test id="s1-s1-s1-s1-t2" name="添加班级1-tc000003">
<kw name="List Class" library="pylib.schoolClass">
<arguments>
<arg>1</arg>
</arguments>
<assign>
<var>${listRet1}</var>
</assign>
<msg timestamp="20200709 15:42:31.812" level="INFO">${listRet1} = {'gradeid': 1, 'retlist': [{'name': '1班', 'grade__name': '七年级', 'invitecode': '4319338533697', 'studentlimit': 60, 'studentnumber': 0, 'id': 431933, 'teacherlist': []}], 'retcode': 0}</msg>
<status status="PASS" starttime="20200709 15:42:31.717" endtime="20200709 15:42:31.812"></status>
</kw>
<kw name="Evaluate" library="BuiltIn">
<doc>Evaluates the given expression in Python and returns the results.</doc>
<arguments>
<arg>$listRet1["retlist"]</arg>
</arguments>
<assign>
<var>${fc1}</var>
</assign>
<msg timestamp="20200709 15:42:31.813" level="INFO">${fc1} = [{'name': '1班', 'grade__name': '七年级', 'invitecode': '4319338533697', 'studentlimit': 60, 'studentnumber': 0, 'id': 431933, 'teacherlist': []}]</msg>
<status status="PASS" starttime="20200709 15:42:31.812" endtime="20200709 15:42:31.813"></status>
</kw>
<kw name="Insert Class" library="pylib.schoolClass">
<arguments>
<arg>1</arg>
<arg>1班</arg>
<arg>60</arg>
</arguments>
<assign>
<var>${addRet}</var>
</assign>
<msg timestamp="20200709 15:42:31.907" level="INFO">${addRet} = {'reason': 'Traceback (most recent call last):\n  File "/home/yjyx/yijiao_src/yijiao_main/services/datamodel/schoolclass/models.py", line 542, in addClass\n    school_class = self._addClass(name,schoo...</msg>
<status status="PASS" starttime="20200709 15:42:31.813" endtime="20200709 15:42:31.907"></status>
</kw>
<kw name="Should Be True" library="BuiltIn">
<doc>Fails if the given condition is not true.</doc>
<arguments>
<arg>$addRet['retcode']==1</arg>
</arguments>
<status status="PASS" starttime="20200709 15:42:31.908" endtime="20200709 15:42:31.909"></status>
</kw>
<kw name="List Class" library="pylib.schoolClass">
<arguments>
<arg>1</arg>
</arguments>
<assign>
<var>${listRet2}</var>
</assign>
<msg timestamp="20200709 15:42:32.011" level="INFO">${listRet2} = {'gradeid': 1, 'retlist': [{'name': '1班', 'grade__name': '七年级', 'invitecode': '4319338533697', 'studentlimit': 60, 'studentnumber': 0, 'id': 431933, 'teacherlist': []}], 'retcode': 0}</msg>
<status status="PASS" starttime="20200709 15:42:31.909" endtime="20200709 15:42:32.011"></status>
</kw>
<kw name="Evaluate" library="BuiltIn">
<doc>Evaluates the given expression in Python and returns the results.</doc>
<arguments>
<arg>$listRet2["retlist"]</arg>
</arguments>
<assign>
<var>${fc2}</var>
</assign>
<msg timestamp="20200709 15:42:32.012" level="INFO">${fc2} = [{'name': '1班', 'grade__name': '七年级', 'invitecode': '4319338533697', 'studentlimit': 60, 'studentnumber': 0, 'id': 431933, 'teacherlist': []}]</msg>
<status status="PASS" starttime="20200709 15:42:32.012" endtime="20200709 15:42:32.012"></status>
</kw>
<kw name="Should Be True" library="BuiltIn">
<doc>Fails if the given condition is not true.</doc>
<arguments>
<arg>$fc1==$fc2</arg>
</arguments>
<status status="PASS" starttime="20200709 15:42:32.012" endtime="20200709 15:42:32.013"></status>
</kw>
<status status="PASS" starttime="20200709 15:42:31.716" endtime="20200709 15:42:32.013" critical="yes"></status>
</test>
<status status="PASS" starttime="20200709 15:42:31.412" endtime="20200709 15:42:32.015"></status>
</suite>
<kw name="Delete Class" library="pylib.schoolClass" type="teardown">
<arguments>
<arg>${suite_g7_classid}</arg>
</arguments>
<status status="PASS" starttime="20200709 15:42:32.019" endtime="20200709 15:42:32.111"></status>
</kw>
<status status="PASS" starttime="20200709 15:42:31.310" endtime="20200709 15:42:32.111"></status>
</suite>
<suite id="s1-s1-s2" name="添加班级" source="C:\Users\lh\Desktop\G-自动化项目实战\project\project_Test\tc\d-空白数据\添加班级.robot">
<test id="s1-s1-s2-t1" name="添加班级1-tc000001">
<kw name="Insert Class" library="pylib.schoolClass">
<arguments>
<arg>1</arg>
<arg>1班</arg>
<arg>60</arg>
</arguments>
<assign>
<var>${addRet}</var>
</assign>
<msg timestamp="20200709 15:42:32.210" level="INFO">${addRet} = {'invitecode': '4319365924522', 'retcode': 0, 'id': 431936}</msg>
<status status="PASS" starttime="20200709 15:42:32.119" endtime="20200709 15:42:32.210"></status>
</kw>
<kw name="Should Be True" library="BuiltIn">
<doc>Fails if the given condition is not true.</doc>
<arguments>
<arg>$addRet['retcode']==0</arg>
</arguments>
<status status="PASS" starttime="20200709 15:42:32.210" endtime="20200709 15:42:32.211"></status>
</kw>
<kw name="List Class" library="pylib.schoolClass">
<arguments>
<arg>1</arg>
</arguments>
<assign>
<var>${listRet}</var>
</assign>
<msg timestamp="20200709 15:42:32.308" level="INFO">${listRet} = {'gradeid': 1, 'retlist': [{'name': '1班', 'grade__name': '七年级', 'invitecode': '4319365924522', 'studentlimit': 60, 'studentnumber': 0, 'id': 431936, 'teacherlist': []}], 'retcode': 0}</msg>
<status status="PASS" starttime="20200709 15:42:32.211" endtime="20200709 15:42:32.308"></status>
</kw>
<kw name="Evaluate" library="BuiltIn">
<doc>Evaluates the given expression in Python and returns the results.</doc>
<arguments>
<arg>$listRet["retlist"][0]</arg>
</arguments>
<assign>
<var>${fc}</var>
</assign>
<msg timestamp="20200709 15:42:32.309" level="INFO">${fc} = {'name': '1班', 'grade__name': '七年级', 'invitecode': '4319365924522', 'studentlimit': 60, 'studentnumber': 0, 'id': 431936, 'teacherlist': []}</msg>
<status status="PASS" starttime="20200709 15:42:32.308" endtime="20200709 15:42:32.309"></status>
</kw>
<kw name="Should Be True" library="BuiltIn">
<doc>Fails if the given condition is not true.</doc>
<arguments>
<arg>$fc["invitecode"] == $fc["invitecode"]</arg>
</arguments>
<status status="PASS" starttime="20200709 15:42:32.309" endtime="20200709 15:42:32.309"></status>
</kw>
<kw name="Should Be True" library="BuiltIn">
<doc>Fails if the given condition is not true.</doc>
<arguments>
<arg>$fc["id"] == $fc["id"]</arg>
</arguments>
<status status="PASS" starttime="20200709 15:42:32.310" endtime="20200709 15:42:32.310"></status>
</kw>
<kw name="Should Be True" library="BuiltIn">
<doc>Fails if the given condition is not true.</doc>
<arguments>
<arg>$fc["grade__name"] == "七年级"</arg>
</arguments>
<status status="PASS" starttime="20200709 15:42:32.310" endtime="20200709 15:42:32.311"></status>
</kw>
<kw name="Should Be True" library="BuiltIn">
<doc>Fails if the given condition is not true.</doc>
<arguments>
<arg>$fc["studentlimit"] == 60</arg>
</arguments>
<status status="PASS" starttime="20200709 15:42:32.311" endtime="20200709 15:42:32.312"></status>
</kw>
<kw name="Should Be True" library="BuiltIn">
<doc>Fails if the given condition is not true.</doc>
<arguments>
<arg>$fc["name"] == "1班"</arg>
</arguments>
<status status="PASS" starttime="20200709 15:42:32.312" endtime="20200709 15:42:32.313"></status>
</kw>
<kw name="Delete Class" library="pylib.schoolClass" type="teardown">
<arguments>
<arg>&amp;{addRet}[id]</arg>
</arguments>
<status status="PASS" starttime="20200709 15:42:32.314" endtime="20200709 15:42:32.415"></status>
</kw>
<status status="PASS" starttime="20200709 15:42:32.118" endtime="20200709 15:42:32.415" critical="yes"></status>
</test>
<status status="PASS" starttime="20200709 15:42:32.113" endtime="20200709 15:42:32.416"></status>
</suite>
<kw name="Deleteall Class" library="pylib.schoolClass" type="teardown">
<status status="PASS" starttime="20200709 15:42:32.418" endtime="20200709 15:42:32.505"></status>
</kw>
<status status="PASS" starttime="20200709 15:42:31.132" endtime="20200709 15:42:32.505"></status>
</suite>
<status status="PASS" starttime="20200709 15:42:31.103" endtime="20200709 15:42:32.508"></status>
</suite>
<statistics>
<total>
<stat pass="3" fail="0">Critical Tests</stat>
<stat pass="3" fail="0">All Tests</stat>
</total>
<tag>
</tag>
<suite>
<stat pass="3" fail="0" id="s1" name="Tc">Tc</stat>
<stat pass="3" fail="0" id="s1-s1" name="D-空白数据">Tc.D-空白数据</stat>
<stat pass="2" fail="0" id="s1-s1-s1" name="D-7年级1班">Tc.D-空白数据.D-7年级1班</stat>
<stat pass="2" fail="0" id="s1-s1-s1-s1" name="班级管理">Tc.D-空白数据.D-7年级1班.班级管理</stat>
<stat pass="1" fail="0" id="s1-s1-s2" name="添加班级">Tc.D-空白数据.添加班级</stat>
</suite>
</statistics>
<errors>
</errors>
</robot>
